  Main.cpp
c:\users\christopher\desktop\onedrive - neumont university\code\c++\gat350\middleware\glm-master\glm\glm\detail\type_vec2.hpp(45): warning C4201: nonstandard extension used: nameless struct/union
  c:\users\christopher\desktop\onedrive - neumont university\code\c++\gat350\middleware\glm-master\glm\glm\detail\type_vec2.hpp(205): note: see reference to class template instantiation 'glm::vec<2,T,Q>' being compiled
  c:\program files (x86)\microsoft visual studio\2017\enterprise\vc\tools\msvc\14.11.25503\include\xstring(2007): note: see reference to function template instantiation 'std::_String_alloc<std::_String_base_types<_Elem,_Alloc>>::_String_alloc<const _Alloc&,void>(_Any_alloc)' being compiled
          with
          [
              _Elem=wchar_t,
              _Alloc=std::allocator<wchar_t>,
              _Any_alloc=const std::allocator<wchar_t> &
          ]
  c:\program files (x86)\microsoft visual studio\2017\enterprise\vc\tools\msvc\14.11.25503\include\xstring(2006): note: see reference to function template instantiation 'std::_String_alloc<std::_String_base_types<_Elem,_Alloc>>::_String_alloc<const _Alloc&,void>(_Any_alloc)' being compiled
          with
          [
              _Elem=wchar_t,
              _Alloc=std::allocator<wchar_t>,
              _Any_alloc=const std::allocator<wchar_t> &
          ]
  c:\program files (x86)\microsoft visual studio\2017\enterprise\vc\tools\msvc\14.11.25503\include\string(516): note: see reference to function template instantiation 'std::basic_string<wchar_t,std::char_traits<wchar_t>,std::allocator<wchar_t>>::basic_string<_Elem*,void>(_Iter,_Iter,const _Alloc &)' being compiled
          with
          [
              _Elem=wchar_t,
              _Iter=wchar_t *,
              _Alloc=std::allocator<wchar_t>
          ]
  c:\program files (x86)\microsoft visual studio\2017\enterprise\vc\tools\msvc\14.11.25503\include\string(516): note: see reference to function template instantiation 'std::basic_string<wchar_t,std::char_traits<wchar_t>,std::allocator<wchar_t>>::basic_string<_Elem*,void>(_Iter,_Iter,const _Alloc &)' being compiled
          with
          [
              _Elem=wchar_t,
              _Iter=wchar_t *,
              _Alloc=std::allocator<wchar_t>
          ]
  c:\program files (x86)\microsoft visual studio\2017\enterprise\vc\tools\msvc\14.11.25503\include\string(596): note: see reference to function template instantiation 'std::basic_string<wchar_t,std::char_traits<wchar_t>,std::allocator<wchar_t>> std::_Integral_to_string<wchar_t,int>(const _Ty)' being compiled
          with
          [
              _Ty=int
          ]
c:\users\christopher\desktop\onedrive - neumont university\code\c++\gat350\middleware\glm-master\glm\glm\detail\type_vec2.hpp(46): warning C4201: nonstandard extension used: nameless struct/union
c:\users\christopher\desktop\onedrive - neumont university\code\c++\gat350\middleware\glm-master\glm\glm\detail\type_vec2.hpp(47): warning C4201: nonstandard extension used: nameless struct/union
c:\users\christopher\desktop\onedrive - neumont university\code\c++\gat350\middleware\glm-master\glm\glm\detail\type_vec3.hpp(45): warning C4201: nonstandard extension used: nameless struct/union
  c:\users\christopher\desktop\onedrive - neumont university\code\c++\gat350\middleware\glm-master\glm\glm\detail\type_vec3.hpp(226): note: see reference to class template instantiation 'glm::vec<3,T,Q>' being compiled
c:\users\christopher\desktop\onedrive - neumont university\code\c++\gat350\middleware\glm-master\glm\glm\detail\type_vec3.hpp(46): warning C4201: nonstandard extension used: nameless struct/union
c:\users\christopher\desktop\onedrive - neumont university\code\c++\gat350\middleware\glm-master\glm\glm\detail\type_vec3.hpp(47): warning C4201: nonstandard extension used: nameless struct/union
c:\users\christopher\desktop\onedrive - neumont university\code\c++\gat350\middleware\glm-master\glm\glm\detail\type_vec4.hpp(45): warning C4201: nonstandard extension used: nameless struct/union
  c:\users\christopher\desktop\onedrive - neumont university\code\c++\gat350\middleware\glm-master\glm\glm\detail\type_vec4.hpp(271): note: see reference to class template instantiation 'glm::vec<4,T,Q>' being compiled
c:\users\christopher\desktop\onedrive - neumont university\code\c++\gat350\middleware\glm-master\glm\glm\detail\type_vec4.hpp(46): warning C4201: nonstandard extension used: nameless struct/union
c:\users\christopher\desktop\onedrive - neumont university\code\c++\gat350\middleware\glm-master\glm\glm\detail\type_vec4.hpp(47): warning C4201: nonstandard extension used: nameless struct/union
c:\users\christopher\desktop\onedrive - neumont university\code\c++\gat350\engine\engine\main.cpp(65): warning C4189: 'program': local variable is initialized but not referenced
  Engine.vcxproj -> C:\Users\Christopher\Desktop\OneDrive - Neumont University\Code\C++\Gat350\Engine\Debug\Engine.exe
  Engine.vcxproj -> C:\Users\Christopher\Desktop\OneDrive - Neumont University\Code\C++\Gat350\Engine\Debug\Engine.pdb (Partial PDB)
