c:\users\christopher\desktop\onedrive - neumont university\code\c++\gat350\engine\engine\debug\engine.pch
c:\users\christopher\desktop\onedrive - neumont university\code\c++\gat350\engine\engine\debug\vc141.pdb
c:\users\christopher\desktop\onedrive - neumont university\code\c++\gat350\engine\engine\debug\vc141.idb
c:\users\christopher\desktop\onedrive - neumont university\code\c++\gat350\engine\engine\debug\transform.obj
c:\users\christopher\desktop\onedrive - neumont university\code\c++\gat350\engine\engine\debug\timer.obj
c:\users\christopher\desktop\onedrive - neumont university\code\c++\gat350\engine\engine\debug\stdafx.obj
c:\users\christopher\desktop\onedrive - neumont university\code\c++\gat350\engine\engine\debug\shader.obj
c:\users\christopher\desktop\onedrive - neumont university\code\c++\gat350\engine\engine\debug\scene04.obj
c:\users\christopher\desktop\onedrive - neumont university\code\c++\gat350\engine\engine\debug\scene03.obj
c:\users\christopher\desktop\onedrive - neumont university\code\c++\gat350\engine\engine\debug\scene02.obj
c:\users\christopher\desktop\onedrive - neumont university\code\c++\gat350\engine\engine\debug\scene01.obj
c:\users\christopher\desktop\onedrive - neumont university\code\c++\gat350\engine\engine\debug\scene.obj
c:\users\christopher\desktop\onedrive - neumont university\code\c++\gat350\engine\engine\debug\renderer.obj
c:\users\christopher\desktop\onedrive - neumont university\code\c++\gat350\engine\engine\debug\renderable.obj
c:\users\christopher\desktop\onedrive - neumont university\code\c++\gat350\engine\engine\debug\object.obj
c:\users\christopher\desktop\onedrive - neumont university\code\c++\gat350\engine\engine\debug\meshloader.obj
c:\users\christopher\desktop\onedrive - neumont university\code\c++\gat350\engine\engine\debug\material.obj
c:\users\christopher\desktop\onedrive - neumont university\code\c++\gat350\engine\engine\debug\main.obj
c:\users\christopher\desktop\onedrive - neumont university\code\c++\gat350\engine\engine\debug\light.obj
c:\users\christopher\desktop\onedrive - neumont university\code\c++\gat350\engine\engine\debug\input.obj
c:\users\christopher\desktop\onedrive - neumont university\code\c++\gat350\engine\engine\debug\image.obj
c:\users\christopher\desktop\onedrive - neumont university\code\c++\gat350\engine\engine\debug\engine.obj
c:\users\christopher\desktop\onedrive - neumont university\code\c++\gat350\engine\engine\debug\camera.obj
c:\users\christopher\desktop\onedrive - neumont university\code\c++\gat350\engine\engine\debug\scene05.obj
c:\users\christopher\desktop\onedrive - neumont university\code\c++\gat350\engine\engine\debug\glad.obj
c:\users\christopher\desktop\onedrive - neumont university\code\c++\gat350\engine\engine\debug\model.obj
c:\users\christopher\desktop\onedrive - neumont university\code\c++\gat350\engine\engine\debug\mesh.obj
c:\users\christopher\desktop\onedrive - neumont university\code\c++\gat350\engine\engine\debug\scene06.obj
c:\users\christopher\desktop\onedrive - neumont university\code\c++\gat350\engine\debug\engine.exe
c:\users\christopher\desktop\onedrive - neumont university\code\c++\gat350\engine\debug\engine.ilk
c:\users\christopher\desktop\onedrive - neumont university\code\c++\gat350\engine\debug\engine.pdb
c:\users\christopher\desktop\onedrive - neumont university\code\c++\gat350\engine\engine\debug\engine.tlog\cl.command.1.tlog
c:\users\christopher\desktop\onedrive - neumont university\code\c++\gat350\engine\engine\debug\engine.tlog\cl.read.1.tlog
c:\users\christopher\desktop\onedrive - neumont university\code\c++\gat350\engine\engine\debug\engine.tlog\cl.write.1.tlog
c:\users\christopher\desktop\onedrive - neumont university\code\c++\gat350\engine\engine\debug\engine.tlog\link.command.1.tlog
c:\users\christopher\desktop\onedrive - neumont university\code\c++\gat350\engine\engine\debug\engine.tlog\link.read.1.tlog
c:\users\christopher\desktop\onedrive - neumont university\code\c++\gat350\engine\engine\debug\engine.tlog\link.write.1.tlog
